Data analyzed:  US GDP growth


:::::::::::::::::::::::::::::::::::::::::::::::::::::::::::::::

Parameters for Bayesian prior (alpha, beta, nu)
      0.000000       0.500000       0.000000 

starting parameter values
   Means for state 1
       4.73000 
   Means for state 2
      -1.19000 
   Prob from state 1 to state 1 (p)
      0.940000 
   Prob from state 2 to state 2 (q)
      0.800000 
   Variance-covariance matrix        12.0400 

      Number of iterations required:       56.0000 
      Change in theta vector  8.99018e-006 


             FINAL RESULTS

Estimated theta vector:
       4.59766      -0.527952       0.918378       0.742696        11.0722 

Estimated parameters:
   Means for state 1
       4.59766 
   Means for state 2
     -0.527952 
   Prob from state 1 to state 1 (p)
      0.918378 
   Prob from state 2 to state 2 (q)
      0.742696 
   Variance-covariance matrix       11.0722 
Value of log likelihood function:      -425.717 

filter probabilities

Obs   st=1     st=2    st=1     st=2     st=1    st-1=1
      st-1=1   st-1=1  st-1=2   st-1=2  

1947.2500 0.4578 0.1290 0.0407 0.3725 0.4985 0.5868 
1947.5000 0.2634 0.0652 0.0743 0.5971 0.3376 0.3286 
1947.7500 0.5426 0.0084 0.2982 0.1507 0.8409 0.5511 
1948.0000 0.9201 0.0114 0.0488 0.0197 0.9689 0.9315 
1948.2500 0.9799 0.0088 0.0088 0.0026 0.9887 0.9886 
1948.5000 0.9175 0.0720 0.0029 0.0075 0.9205 0.9895 
1948.7500 0.7767 0.1145 0.0188 0.0900 0.7955 0.8912 
1949.0000 0.0742 0.2757 0.0053 0.6448 0.0796 0.3499 
1949.2500 0.0217 0.0085 0.0704 0.8993 0.0922 0.0303 
1949.5000 0.1570 0.0045 0.4333 0.4051 0.5904 0.1615 
1949.7500 0.0811 0.1235 0.0158 0.7796 0.0969 0.2046 
1950.0000 0.2760 0.0000 0.7209 0.0031 0.9969 0.2760 
1950.2500 0.9981 0.0010 0.0009 0.0000 0.9990 0.9991 
1950.5000 0.9995 0.0002 0.0003 0.0000 0.9998 0.9997 
1950.7500 0.9920 0.0080 0.0001 0.0000 0.9920 0.9999 
1951.0000 0.9722 0.0238 0.0022 0.0017 0.9744 0.9961 
1951.2500 0.9806 0.0099 0.0072 0.0024 0.9878 0.9904 
1951.5000 0.9901 0.0058 0.0034 0.0007 0.9935 0.9959 
1951.7500 0.8488 0.1413 0.0015 0.0084 0.8504 0.9901 
1952.0000 0.8803 0.0293 0.0434 0.0470 0.9237 0.9096 
1952.2500 0.7265 0.1465 0.0168 0.1101 0.7433 0.8731 
1952.5000 0.7243 0.0497 0.0701 0.1560 0.7944 0.7739 
1952.7500 0.9307 0.0005 0.0675 0.0013 0.9982 0.9312 
1953.0000 0.9922 0.0071 0.0005 0.0001 0.9927 0.9994 
1953.2500 0.9416 0.0529 0.0019 0.0035 0.9435 0.9945 
1953.5000 0.4761 0.3340 0.0080 0.1819 0.4840 0.8101 
1953.7500 0.0210 0.0909 0.0063 0.8818 0.0273 0.1119 
1954.0000 0.0051 0.0029 0.0510 0.9410 0.0561 0.0080 
1954.2500 0.0283 0.0054 0.1336 0.8326 0.1619 0.0338 
1954.5000 0.2576 0.0077 0.3736 0.3611 0.6312 0.2653 
1954.7500 0.8320 0.0050 0.1362 0.0268 0.9682 0.8370 
1955.0000 0.9894 0.0012 0.0091 0.0004 0.9985 0.9905 
1955.2500 0.9883 0.0111 0.0004 0.0002 0.9887 0.9994 
1955.5000 0.9758 0.0191 0.0031 0.0020 0.9789 0.9949 
1955.7500 0.9025 0.0769 0.0055 0.0151 0.9080 0.9795 
1956.0000 0.4826 0.2621 0.0137 0.2416 0.4963 0.7447 
1956.2500 0.5477 0.0290 0.1557 0.2676 0.7034 0.5767 
1956.5000 0.4008 0.1141 0.0473 0.4377 0.4482 0.5149 
1956.7500 0.6739 0.0077 0.2325 0.0860 0.9063 0.6815 
1957.0000 0.8517 0.0637 0.0247 0.0599 0.8763 0.9154 
1957.2500 0.5365 0.1936 0.0212 0.2486 0.5577 0.7302 
1957.5000 0.6527 0.0246 0.1450 0.1777 0.7977 0.6773 
1957.7500 0.1546 0.2523 0.0110 0.5822 0.1656 0.4069 
1958.0000 0.0006 0.0213 0.0008 0.9773 0.0014 0.0219 
1958.2500 0.0014 0.0001 0.2867 0.7118 0.2881 0.0015 
1958.5000 0.5649 0.0019 0.3910 0.0423 0.9559 0.5667 
1958.7500 0.9826 0.0033 0.0127 0.0014 0.9953 0.9859 
1959.0000 0.9916 0.0068 0.0013 0.0003 0.9929 0.9984 
1959.2500 0.9960 0.0019 0.0020 0.0001 0.9980 0.9979 
1959.5000 0.7884 0.2074 0.0004 0.0037 0.7888 0.9958 
1959.7500 0.6749 0.0799 0.0506 0.1946 0.7255 0.7548 
1960.0000 0.8903 0.0034 0.0944 0.0119 0.9847 0.8938 
1960.2500 0.6012 0.3471 0.0026 0.0491 0.6038 0.9483 
1960.5000 0.4210 0.0720 0.0774 0.4296 0.4984 0.4930 
1960.7500 0.0368 0.0938 0.0104 0.8590 0.0472 0.1306 
1961.0000 0.0489 0.0036 0.2770 0.6704 0.3260 0.0526 
1961.2500 0.5803 0.0042 0.3362 0.0793 0.9165 0.5845 
1961.5000 0.9553 0.0111 0.0244 0.0092 0.9797 0.9664 
1961.7500 0.9879 0.0053 0.0057 0.0010 0.9937 0.9932 
1962.0000 0.9894 0.0083 0.0018 0.0005 0.9912 0.9978 
1962.2500 0.9658 0.0294 0.0024 0.0024 0.9682 0.9952 
1962.5000 0.9402 0.0394 0.0086 0.0118 0.9489 0.9796 
1962.7500 0.8124 0.1177 0.0123 0.0577 0.8246 0.9300 
1963.0000 0.8931 0.0183 0.0532 0.0354 0.9463 0.9114 
1963.2500 0.9519 0.0217 0.0151 0.0112 0.9670 0.9737 
1963.5000 0.9813 0.0071 0.0094 0.0022 0.9907 0.9884 
1963.7500 0.9421 0.0511 0.0025 0.0044 0.9446 0.9932 
1964.0000 0.9783 0.0037 0.0161 0.0020 0.9944 0.9820 
1964.2500 0.9711 0.0260 0.0015 0.0013 0.9726 0.9971 
1964.5000 0.9697 0.0180 0.0076 0.0046 0.9774 0.9877 
1964.7500 0.8513 0.1183 0.0055 0.0249 0.8568 0.9696 
1965.0000 0.9495 0.0024 0.0445 0.0037 0.9939 0.9519 
1965.2500 0.9787 0.0186 0.0017 0.0010 0.9804 0.9973 
1965.5000 0.9880 0.0055 0.0055 0.0010 0.9935 0.9935 
1965.7500 0.9953 0.0027 0.0018 0.0002 0.9971 0.9980 
1966.0000 0.9965 0.0026 0.0008 0.0001 0.9973 0.9991 
1966.2500 0.8899 0.1068 0.0007 0.0026 0.8906 0.9967 
1966.5000 0.8492 0.0574 0.0292 0.0641 0.8785 0.9066 
1966.7500 0.8654 0.0448 0.0335 0.0563 0.8989 0.9101 
1967.0000 0.8915 0.0397 0.0281 0.0407 0.9196 0.9313 
1967.2500 0.6996 0.1578 0.0171 0.1255 0.7167 0.8574 
1967.5000 0.7390 0.0390 0.0818 0.1402 0.8209 0.7780 
1967.7500 0.8131 0.0460 0.0497 0.0912 0.8628 0.8591 
1968.0000 0.9458 0.0049 0.0421 0.0071 0.9879 0.9507 
1968.2500 0.9855 0.0100 0.0034 0.0011 0.9889 0.9955 
1968.5000 0.9306 0.0603 0.0029 0.0062 0.9336 0.9909 
1968.7500 0.8387 0.0877 0.0167 0.0568 0.8555 0.9265 
1969.0000 0.9265 0.0117 0.0439 0.0179 0.9704 0.9382 
1969.2500 0.8472 0.1140 0.0072 0.0316 0.8544 0.9611 
1969.5000 0.8110 0.0589 0.0387 0.0913 0.8497 0.8699 
1969.7500 0.4031 0.2211 0.0200 0.3558 0.4231 0.6242 
1970.0000 0.1802 0.0560 0.0688 0.6949 0.2490 0.2362 
1970.2500 0.1559 0.0251 0.1317 0.6874 0.2875 0.1809 
1970.5000 0.3648 0.0162 0.2533 0.3657 0.6180 0.3810 
1970.7500 0.0816 0.1365 0.0141 0.7678 0.0957 0.2181 
1971.0000 0.2651 0.0004 0.7018 0.0327 0.9669 0.2654 
1971.2500 0.8968 0.0721 0.0086 0.0225 0.9054 0.9689 
1971.5000 0.8831 0.0467 0.0259 0.0444 0.9090 0.9298 
1971.7500 0.7783 0.1046 0.0218 0.0953 0.8001 0.8829 
1972.0000 0.9103 0.0080 0.0637 0.0181 0.9740 0.9182 
1972.2500 0.9889 0.0030 0.0074 0.0007 0.9963 0.9919 
1972.5000 0.9599 0.0378 0.0010 0.0013 0.9609 0.9977 
1972.7500 0.9738 0.0110 0.0111 0.0041 0.9849 0.9848 
1973.0000 0.9933 0.0022 0.0043 0.0003 0.9975 0.9954 
1973.2500 0.9724 0.0264 0.0007 0.0006 0.9730 0.9987 
1973.5000 0.5633 0.3453 0.0044 0.0870 0.5677 0.9086 
1973.7500 0.6562 0.0257 0.1400 0.1781 0.7962 0.6819 
1974.0000 0.2051 0.2343 0.0147 0.5458 0.2198 0.4395 
1974.2500 0.1551 0.0207 0.1542 0.6700 0.3093 0.1758 
1974.5000 0.0322 0.0445 0.0201 0.9032 0.0523 0.0766 
1974.7500 0.0118 0.0056 0.0601 0.9224 0.0720 0.0174 
1975.0000 0.0039 0.0083 0.0142 0.9736 0.0181 0.0122 
1975.2500 0.0220 0.0013 0.3345 0.6422 0.3565 0.0233 
1975.5000 0.5942 0.0060 0.3005 0.0992 0.8947 0.6002 
1975.7500 0.9300 0.0190 0.0307 0.0204 0.9606 0.9490 
1976.0000 0.9837 0.0036 0.0113 0.0014 0.9950 0.9873 
1976.2500 0.9419 0.0543 0.0013 0.0025 0.9432 0.9962 
1976.5000 0.8602 0.0809 0.0145 0.0444 0.8747 0.9411 
1976.7500 0.8473 0.0515 0.0340 0.0672 0.8813 0.8988 
1977.0000 0.9152 0.0226 0.0345 0.0277 0.9498 0.9378 
1977.2500 0.9765 0.0061 0.0145 0.0029 0.9910 0.9826 
1977.5000 0.9884 0.0084 0.0025 0.0007 0.9909 0.9968 
1977.7500 0.7972 0.1853 0.0021 0.0155 0.7992 0.9824 
1978.0000 0.6741 0.0848 0.0474 0.1937 0.7215 0.7588 
1978.2500 0.9018 0.0002 0.0975 0.0006 0.9993 0.9019 
1978.5000 0.9638 0.0357 0.0002 0.0002 0.9640 0.9996 
1978.7500 0.9638 0.0195 0.0101 0.0066 0.9738 0.9833 
1979.0000 0.8296 0.1319 0.0062 0.0323 0.8358 0.9615 
1979.2500 0.6298 0.1204 0.0347 0.2152 0.6644 0.7502 
1979.5000 0.6760 0.0408 0.0956 0.1876 0.7716 0.7168 
1979.7500 0.6365 0.0841 0.0528 0.2266 0.6893 0.7206 
1980.0000 0.5646 0.0714 0.0713 0.2927 0.6359 0.6360 
1980.2500 0.0159 0.1581 0.0025 0.8235 0.0184 0.1739 
1980.5000 0.0060 0.0019 0.0896 0.9025 0.0956 0.0079 
1980.7500 0.2319 0.0018 0.6147 0.1516 0.8466 0.2337 
1981.0000 0.9386 0.0052 0.0476 0.0086 0.9862 0.9438 
1981.2500 0.4763 0.4629 0.0019 0.0590 0.4781 0.9391 
1981.5000 0.6350 0.0156 0.1942 0.1552 0.8292 0.6506 
1981.7500 0.1293 0.3004 0.0075 0.5629 0.1368 0.4297 
1982.0000 0.0035 0.0169 0.0062 0.9734 0.0096 0.0204 
1982.2500 0.0092 0.0008 0.2643 0.7258 0.2734 0.0100 
1982.5000 0.0750 0.0345 0.0559 0.8346 0.1309 0.1095 
1982.7500 0.0678 0.0131 0.1262 0.7929 0.1940 0.0810 
1983.0000 0.3249 0.0077 0.3781 0.2894 0.7030 0.3325 
1983.2500 0.8802 0.0032 0.1042 0.0124 0.9844 0.8834 
1983.5000 0.9887 0.0060 0.0044 0.0009 0.9931 0.9947 
1983.7500 0.9924 0.0053 0.0019 0.0003 0.9943 0.9977 
1984.0000 0.9918 0.0063 0.0016 0.0003 0.9934 0.9981 
1984.2500 0.9880 0.0096 0.0018 0.0006 0.9899 0.9976 
1984.5000 0.9575 0.0364 0.0027 0.0034 0.9603 0.9939 
1984.7500 0.9254 0.0464 0.0107 0.0175 0.9362 0.9718 
1985.0000 0.9204 0.0383 0.0176 0.0237 0.9380 0.9587 
1985.2500 0.9140 0.0431 0.0169 0.0259 0.9310 0.9571 
1985.5000 0.9593 0.0124 0.0199 0.0084 0.9793 0.9717 
1985.7500 0.9330 0.0515 0.0055 0.0099 0.9386 0.9845 
1986.0000 0.9253 0.0362 0.0170 0.0216 0.9422 0.9615 
1986.2500 0.8418 0.0923 0.0145 0.0515 0.8563 0.9341 
1986.5000 0.8729 0.0341 0.0411 0.0520 0.9139 0.9069 
1986.7500 0.8380 0.0753 0.0221 0.0645 0.8601 0.9133 
1987.0000 0.8241 0.0558 0.0375 0.0826 0.8617 0.8799 
1987.2500 0.8936 0.0269 0.0402 0.0393 0.9338 0.9205 
1987.5000 0.9172 0.0392 0.0182 0.0253 0.9354 0.9565 
1987.7500 0.9668 0.0089 0.0187 0.0056 0.9855 0.9757 
1988.0000 0.9018 0.0833 0.0037 0.0112 0.9055 0.9851 
1988.2500 0.9328 0.0205 0.0273 0.0195 0.9600 0.9533 
1988.5000 0.8858 0.0753 0.0103 0.0285 0.8961 0.9611 
1988.7500 0.9313 0.0187 0.0302 0.0198 0.9615 0.9500 
1989.0000 0.9441 0.0332 0.0106 0.0121 0.9547 0.9773 
1989.2500 0.9005 0.0611 0.0120 0.0264 0.9125 0.9617 
1989.5000 0.8760 0.0537 0.0235 0.0468 0.8995 0.9296 
1989.7500 0.7583 0.1081 0.0237 0.1099 0.7820 0.8664 
1990.0000 0.8516 0.0232 0.0665 0.0587 0.9181 0.8747 
1990.2500 0.7799 0.1108 0.0195 0.0899 0.7993 0.8906 
1990.5000 0.5527 0.1244 0.0389 0.2841 0.5916 0.6771 
1990.7500 0.1256 0.1167 0.0243 0.7333 0.1499 0.2424 
1991.0000 0.0299 0.0175 0.0474 0.9052 0.0773 0.0474 
1991.2500 0.0841 0.0058 0.2814 0.6287 0.3655 0.0899 
1991.5000 0.3272 0.0306 0.1591 0.4831 0.4863 0.3577 
1991.7500 0.4323 0.0414 0.1280 0.3983 0.5603 0.4738 
1992.0000 0.6688 0.0226 0.1471 0.1615 0.8158 0.6914 
1992.2500 0.8467 0.0327 0.0536 0.0671 0.9003 0.8794 
1992.5000 0.9041 0.0338 0.0281 0.0341 0.9321 0.9379 
1992.7500 0.9344 0.0280 0.0191 0.0186 0.9534 0.9624 
1993.0000 0.7831 0.1428 0.0107 0.0634 0.7938 0.9259 
1993.2500 0.7281 0.0651 0.0530 0.1539 0.7810 0.7932 
1993.5000 0.7183 0.0634 0.0564 0.1618 0.7748 0.7818 
1993.7500 0.8685 0.0167 0.0707 0.0441 0.9392 0.8852 
1994.0000 0.9314 0.0326 0.0169 0.0192 0.9482 0.9639 
1994.2500 0.9558 0.0198 0.0146 0.0098 0.9704 0.9756 
1994.5000 0.8992 0.0728 0.0077 0.0202 0.9069 0.9721 
1994.7500 0.9262 0.0244 0.0266 0.0228 0.9528 0.9506 
1995.0000 0.8253 0.1125 0.0115 0.0507 0.8367 0.9378 
1995.2500 0.6628 0.1084 0.0362 0.1925 0.6990 0.7712 
1995.5000 0.7299 0.0370 0.0880 0.1450 0.8180 0.7669 
1995.7500 0.8056 0.0476 0.0502 0.0965 0.8559 0.8533 
1996.0000 0.8303 0.0515 0.0392 0.0790 0.8695 0.8819 
1996.2500 0.9358 0.0105 0.0393 0.0144 0.9751 0.9463 
1996.5000 0.9372 0.0455 0.0067 0.0106 0.9439 0.9827 
1996.7500 0.9457 0.0250 0.0157 0.0135 0.9614 0.9707 
1997.0000 0.9208 0.0504 0.0104 0.0184 0.9312 0.9712 
1997.2500 0.9578 0.0134 0.0198 0.0090 0.9776 0.9712 
1997.5000 0.9669 0.0223 0.0062 0.0046 0.9731 0.9892 
1997.7500 0.9251 0.0541 0.0072 0.0136 0.9323 0.9792 
1998.0000 0.9348 0.0278 0.0190 0.0184 0.9539 0.9626 
1998.2500 0.9006 0.0606 0.0122 0.0267 0.9128 0.9611 
1998.5000 0.9277 0.0254 0.0248 0.0221 0.9526 0.9531 
1998.7500 0.9669 0.0135 0.0135 0.0061 0.9804 0.9804 
1999.0000 0.9416 0.0449 0.0053 0.0082 0.9469 0.9865 
1999.2500 0.9170 0.0454 0.0144 0.0232 0.9314 0.9624 
1999.5000 0.9389 0.0250 0.0194 0.0167 0.9583 0.9639 
1999.7500 0.9762 0.0085 0.0119 0.0034 0.9881 0.9847 
2000.0000 0.8608 0.1228 0.0029 0.0135 0.8637 0.9836 
2000.2500 0.9301 0.0118 0.0411 0.0170 0.9712 0.9419 
2000.5000 0.7318 0.2064 0.0061 0.0557 0.7379 0.9382 
2000.7500 0.6807 0.0595 0.0677 0.1921 0.7484 0.7401 
2001.0000 0.4435 0.1268 0.0418 0.3879 0.4852 0.5703 
2001.2500 0.3739 0.0483 0.1111 0.4666 0.4851 0.4223 
2001.5000 0.1678 0.0734 0.0499 0.7089 0.2177 0.2412 
2001.7500 0.1750 0.0193 0.1762 0.6296 0.3511 0.1942 
2002.0000 0.4208 0.0203 0.2179 0.3411 0.6386 0.4410 
2002.2500 0.6139 0.0470 0.0973 0.2418 0.7112 0.6608 
2002.5000 0.6944 0.0483 0.0790 0.1783 0.7734 0.7427 
2002.7500 0.5964 0.0968 0.0489 0.2579 0.6453 0.6931 
2003.0000 0.5817 0.0548 0.0896 0.2740 0.6712 0.6364 
2003.2500 0.7517 0.0266 0.1032 0.1185 0.8549 0.7783 
2003.5000 0.9356 0.0078 0.0445 0.0121 0.9801 0.9434 
2003.7500 0.9559 0.0327 0.0054 0.0060 0.9613 0.9885 
2004.0000 0.9505 0.0284 0.0107 0.0104 0.9612 0.9789 
2004.2500 0.9254 0.0469 0.0105 0.0172 0.9359 0.9723 
2004.5000 0.9264 0.0344 0.0178 0.0214 0.9442 0.9608 
2004.7500 0.9091 0.0494 0.0150 0.0265 0.9241 0.9584 

full sample smoother probabilities

Obs   st=1     st=2     st=1     st=2     st=1     st-1=1
      st-1=1   st-1=1   st-1=2   st-1=2  

1947.2500 0.4723 0.1250 0.0420 0.3607 0.5143 0.5973 
1947.5000 0.4759 0.0384 0.1342 0.3515 0.6101 0.5143 
1947.7500 0.6069 0.0032 0.3336 0.0563 0.9405 0.6101 
1948.0000 0.9347 0.0058 0.0496 0.0099 0.9843 0.9405 
1948.2500 0.9601 0.0242 0.0086 0.0071 0.9688 0.9843 
1948.5000 0.6906 0.2782 0.0022 0.0290 0.6928 0.9688 
1948.7500 0.3116 0.3812 0.0075 0.2996 0.3191 0.6928 
1949.0000 0.0289 0.2902 0.0021 0.6788 0.0310 0.3191 
1949.2500 0.0225 0.0085 0.0728 0.8962 0.0953 0.0310 
1949.5000 0.0879 0.0074 0.2426 0.6621 0.3305 0.0953 
1949.7500 0.2316 0.0989 0.0450 0.6245 0.2766 0.3305 
1950.0000 0.2766 0.0000 0.7225 0.0009 0.9991 0.2766 
1950.2500 0.9988 0.0003 0.0009 0.0000 0.9997 0.9991 
1950.5000 0.9997 0.0001 0.0003 0.0000 0.9999 0.9997 
1950.7500 0.9972 0.0028 0.0001 0.0000 0.9972 0.9999 
1951.0000 0.9897 0.0075 0.0022 0.0006 0.9919 0.9972 
1951.2500 0.9886 0.0033 0.0073 0.0008 0.9959 0.9919 
1951.5000 0.9898 0.0060 0.0034 0.0007 0.9933 0.9959 
1951.7500 0.9076 0.0857 0.0017 0.0051 0.9092 0.9933 
1952.0000 0.8796 0.0296 0.0434 0.0474 0.9230 0.9092 
1952.2500 0.8465 0.0764 0.0196 0.0574 0.8661 0.9230 
1952.5000 0.8497 0.0165 0.0822 0.0517 0.9318 0.8661 
1952.7500 0.9316 0.0002 0.0676 0.0006 0.9992 0.9318 
1953.0000 0.9782 0.0210 0.0005 0.0003 0.9787 0.9992 
1953.2500 0.6794 0.2993 0.0014 0.0199 0.6808 0.9787 
1953.5000 0.0978 0.5830 0.0016 0.3175 0.0994 0.6808 
1953.7500 0.0068 0.0926 0.0020 0.8985 0.0088 0.0994 
1954.0000 0.0060 0.0029 0.0597 0.9315 0.0656 0.0088 
1954.2500 0.0614 0.0042 0.2897 0.6447 0.3511 0.0656 
1954.5000 0.3481 0.0031 0.5048 0.1441 0.8528 0.3511 
1954.7500 0.8514 0.0015 0.1394 0.0078 0.9908 0.8528 
1955.0000 0.9904 0.0004 0.0091 0.0001 0.9995 0.9908 
1955.2500 0.9923 0.0071 0.0004 0.0001 0.9928 0.9995 
1955.5000 0.9526 0.0402 0.0030 0.0042 0.9556 0.9928 
1955.7500 0.7525 0.2031 0.0045 0.0399 0.7571 0.9556 
1956.0000 0.5093 0.2478 0.0145 0.2285 0.5237 0.7571 
1956.2500 0.4872 0.0366 0.1385 0.3377 0.6257 0.5237 
1956.5000 0.5449 0.0808 0.0644 0.3099 0.6093 0.6257 
1956.7500 0.5926 0.0166 0.2044 0.1863 0.7971 0.6093 
1957.0000 0.5998 0.1973 0.0174 0.1855 0.6172 0.7971 
1957.2500 0.3292 0.2880 0.0130 0.3698 0.3422 0.6172 
1957.5000 0.2590 0.0832 0.0575 0.6003 0.3165 0.3422 
1957.7500 0.0210 0.2955 0.0015 0.6820 0.0225 0.3165 
1958.0000 0.0012 0.0213 0.0017 0.9758 0.0029 0.0225 
1958.2500 0.0028 0.0001 0.5809 0.4162 0.5837 0.0029 
1958.5000 0.5831 0.0006 0.4037 0.0126 0.9868 0.5837 
1958.7500 0.9858 0.0010 0.0128 0.0004 0.9986 0.9868 
1959.0000 0.9965 0.0021 0.0013 0.0001 0.9978 0.9986 
1959.2500 0.9945 0.0033 0.0020 0.0002 0.9965 0.9978 
1959.5000 0.8281 0.1684 0.0005 0.0030 0.8285 0.9965 
1959.7500 0.7822 0.0463 0.0587 0.1128 0.8409 0.8285 
1960.0000 0.8199 0.0210 0.0869 0.0722 0.9069 0.8409 
1960.2500 0.2567 0.6502 0.0011 0.0920 0.2578 0.9069 
1960.5000 0.1377 0.1201 0.0253 0.7169 0.1630 0.2578 
1960.7500 0.0739 0.0891 0.0208 0.8161 0.0947 0.1630 
1961.0000 0.0927 0.0021 0.5245 0.3808 0.6172 0.0947 
1961.2500 0.6158 0.0014 0.3567 0.0261 0.9725 0.6172 
1961.5000 0.9692 0.0033 0.0247 0.0028 0.9939 0.9725 
1961.7500 0.9922 0.0017 0.0058 0.0003 0.9980 0.9939 
1962.0000 0.9945 0.0035 0.0018 0.0002 0.9963 0.9980 
1962.2500 0.9805 0.0158 0.0024 0.0013 0.9829 0.9963 
1962.5000 0.9551 0.0278 0.0088 0.0083 0.9639 0.9829 
1962.7500 0.9184 0.0454 0.0139 0.0223 0.9323 0.9639 
1963.0000 0.9258 0.0065 0.0552 0.0125 0.9810 0.9323 
1963.2500 0.9742 0.0068 0.0155 0.0035 0.9897 0.9810 
1963.5000 0.9867 0.0030 0.0094 0.0009 0.9961 0.9897 
1963.7500 0.9806 0.0155 0.0026 0.0013 0.9831 0.9961 
1964.0000 0.9818 0.0014 0.0161 0.0007 0.9979 0.9831 
1964.2500 0.9878 0.0101 0.0016 0.0005 0.9894 0.9979 
1964.5000 0.9782 0.0112 0.0077 0.0029 0.9859 0.9894 
1964.7500 0.9480 0.0379 0.0061 0.0080 0.9541 0.9859 
1965.0000 0.9534 0.0008 0.0446 0.0012 0.9980 0.9541 
1965.2500 0.9924 0.0055 0.0017 0.0003 0.9941 0.9980 
1965.5000 0.9926 0.0016 0.0056 0.0003 0.9981 0.9941 
1965.7500 0.9973 0.0008 0.0018 0.0000 0.9991 0.9981 
1966.0000 0.9968 0.0023 0.0008 0.0001 0.9976 0.9991 
1966.2500 0.9287 0.0689 0.0007 0.0017 0.9294 0.9976 
1966.5000 0.8938 0.0356 0.0308 0.0398 0.9246 0.9294 
1966.7500 0.8921 0.0325 0.0346 0.0408 0.9267 0.9246 
1967.0000 0.8822 0.0445 0.0278 0.0455 0.9100 0.9267 
1967.2500 0.8222 0.0878 0.0201 0.0699 0.8423 0.9100 
1967.5000 0.8239 0.0185 0.0912 0.0664 0.9151 0.8423 
1967.7500 0.9000 0.0151 0.0550 0.0299 0.9551 0.9151 
1968.0000 0.9534 0.0017 0.0425 0.0025 0.9958 0.9551 
1968.2500 0.9887 0.0071 0.0034 0.0008 0.9921 0.9958 
1968.5000 0.9441 0.0480 0.0030 0.0049 0.9471 0.9921 
1968.7500 0.8928 0.0543 0.0178 0.0351 0.9106 0.9471 
1969.0000 0.8795 0.0311 0.0416 0.0478 0.9211 0.9106 
1969.2500 0.6573 0.2639 0.0056 0.0732 0.6629 0.9211 
1969.5000 0.4596 0.2033 0.0219 0.3152 0.4815 0.6629 
1969.7500 0.1644 0.3172 0.0081 0.5103 0.1725 0.4815 
1970.0000 0.1092 0.0633 0.0417 0.7858 0.1509 0.1725 
1970.2500 0.1237 0.0271 0.1045 0.7446 0.2283 0.1509 
1970.5000 0.2002 0.0281 0.1390 0.6328 0.3392 0.2283 
1970.7500 0.2287 0.1105 0.0396 0.6212 0.2683 0.3392 
1971.0000 0.2681 0.0003 0.7098 0.0219 0.9778 0.2683 
1971.2500 0.9355 0.0423 0.0090 0.0132 0.9445 0.9778 
1971.5000 0.9143 0.0302 0.0268 0.0287 0.9411 0.9445 
1971.7500 0.9044 0.0368 0.0254 0.0335 0.9297 0.9411 
1972.0000 0.9274 0.0024 0.0649 0.0054 0.9923 0.9297 
1972.2500 0.9911 0.0012 0.0074 0.0003 0.9986 0.9923 
1972.5000 0.9865 0.0121 0.0010 0.0004 0.9875 0.9986 
1972.7500 0.9841 0.0034 0.0112 0.0013 0.9953 0.9875 
1973.0000 0.9922 0.0031 0.0043 0.0004 0.9965 0.9953 
1973.2500 0.8678 0.1287 0.0006 0.0029 0.8684 0.9965 
1973.5000 0.3571 0.5113 0.0028 0.1289 0.3598 0.8684 
1973.7500 0.2760 0.0839 0.0589 0.5813 0.3348 0.3598 
1974.0000 0.0508 0.2840 0.0036 0.6615 0.0545 0.3348 
1974.2500 0.0260 0.0285 0.0259 0.9197 0.0518 0.0545 
1974.5000 0.0054 0.0465 0.0033 0.9448 0.0087 0.0518 
1974.7500 0.0028 0.0059 0.0141 0.9772 0.0168 0.0087 
1975.0000 0.0087 0.0081 0.0315 0.9516 0.0403 0.0168 
1975.2500 0.0396 0.0007 0.6016 0.3581 0.6412 0.0403 
1975.5000 0.6390 0.0022 0.3232 0.0356 0.9622 0.6412 
1975.7500 0.9563 0.0059 0.0315 0.0063 0.9879 0.9622 
1976.0000 0.9857 0.0022 0.0113 0.0008 0.9970 0.9879 
1976.2500 0.9611 0.0359 0.0014 0.0016 0.9625 0.9970 
1976.5000 0.9224 0.0401 0.0156 0.0220 0.9380 0.9625 
1976.7500 0.9187 0.0193 0.0369 0.0251 0.9556 0.9380 
1977.0000 0.9485 0.0070 0.0358 0.0086 0.9843 0.9556 
1977.2500 0.9820 0.0023 0.0145 0.0011 0.9966 0.9843 
1977.5000 0.9854 0.0112 0.0025 0.0009 0.9879 0.9966 
1977.7500 0.8704 0.1175 0.0022 0.0099 0.8726 0.9879 
1978.0000 0.8428 0.0298 0.0593 0.0681 0.9022 0.8726 
1978.2500 0.9021 0.0001 0.0976 0.0003 0.9996 0.9022 
1978.5000 0.9720 0.0276 0.0002 0.0002 0.9722 0.9996 
1978.7500 0.9186 0.0536 0.0096 0.0182 0.9282 0.9722 
1979.0000 0.6550 0.2733 0.0049 0.0668 0.6599 0.9282 
1979.2500 0.4846 0.1753 0.0267 0.3134 0.5113 0.6599 
1979.5000 0.4178 0.0935 0.0591 0.4296 0.4769 0.5113 
1979.7500 0.2916 0.1853 0.0242 0.4989 0.3158 0.4769 
1980.0000 0.1537 0.1621 0.0194 0.6648 0.1731 0.3158 
1980.2500 0.0148 0.1583 0.0024 0.8245 0.0172 0.1731 
1980.5000 0.0157 0.0015 0.2340 0.7487 0.2497 0.0172 
1980.7500 0.2487 0.0011 0.6591 0.0912 0.9077 0.2497 
1981.0000 0.8788 0.0289 0.0446 0.0477 0.9234 0.9077 
1981.2500 0.3324 0.5910 0.0013 0.0753 0.3337 0.9234 
1981.5000 0.2751 0.0586 0.0841 0.5822 0.3592 0.3337 
1981.7500 0.0178 0.3414 0.0010 0.6398 0.0188 0.3592 
1982.0000 0.0018 0.0170 0.0032 0.9779 0.0050 0.0188 
1982.2500 0.0041 0.0009 0.1180 0.8769 0.1221 0.0050 
1982.5000 0.0885 0.0336 0.0659 0.8120 0.1545 0.1221 
1982.7500 0.1449 0.0095 0.2696 0.5759 0.4146 0.1545 
1983.0000 0.4117 0.0028 0.4792 0.1063 0.8909 0.4146 
1983.2500 0.8900 0.0010 0.1053 0.0037 0.9953 0.8909 
1983.5000 0.9935 0.0018 0.0044 0.0003 0.9980 0.9953 
1983.7500 0.9964 0.0016 0.0019 0.0001 0.9983 0.9980 
1984.0000 0.9963 0.0020 0.0016 0.0001 0.9979 0.9983 
1984.2500 0.9937 0.0042 0.0018 0.0003 0.9956 0.9979 
1984.5000 0.9782 0.0173 0.0028 0.0016 0.9811 0.9956 
1984.7500 0.9603 0.0208 0.0111 0.0078 0.9714 0.9811 
1985.0000 0.9548 0.0166 0.0182 0.0103 0.9730 0.9714 
1985.2500 0.9577 0.0154 0.0177 0.0092 0.9754 0.9730 
1985.5000 0.9688 0.0066 0.0201 0.0045 0.9889 0.9754 
1985.7500 0.9609 0.0280 0.0057 0.0054 0.9666 0.9889 
1986.0000 0.9393 0.0272 0.0172 0.0162 0.9566 0.9666 
1986.2500 0.9066 0.0499 0.0156 0.0279 0.9222 0.9566 
1986.5000 0.8990 0.0232 0.0423 0.0355 0.9413 0.9222 
1986.7500 0.9004 0.0408 0.0238 0.0350 0.9242 0.9413 
1987.0000 0.9007 0.0235 0.0410 0.0348 0.9417 0.9242 
1987.2500 0.9305 0.0113 0.0419 0.0164 0.9723 0.9417 
1987.5000 0.9589 0.0134 0.0190 0.0087 0.9779 0.9723 
1987.7500 0.9727 0.0052 0.0188 0.0033 0.9915 0.9779 
1988.0000 0.9573 0.0341 0.0040 0.0046 0.9613 0.9915 
1988.2500 0.9497 0.0115 0.0278 0.0110 0.9775 0.9613 
1988.5000 0.9473 0.0302 0.0111 0.0114 0.9583 0.9775 
1988.7500 0.9480 0.0103 0.0308 0.0109 0.9788 0.9583 
1989.0000 0.9500 0.0289 0.0107 0.0105 0.9606 0.9788 
1989.2500 0.8970 0.0637 0.0119 0.0275 0.9089 0.9606 
1989.5000 0.8300 0.0788 0.0223 0.0688 0.8524 0.9089 
1989.7500 0.7296 0.1228 0.0228 0.1248 0.7524 0.8524 
1990.0000 0.6756 0.0768 0.0528 0.1948 0.7283 0.7524 
1990.2500 0.4062 0.3222 0.0102 0.2615 0.4163 0.7283 
1990.5000 0.1659 0.2504 0.0117 0.5720 0.1775 0.4163 
1990.7500 0.0481 0.1294 0.0093 0.8132 0.0574 0.1775 
1991.0000 0.0404 0.0170 0.0642 0.8784 0.1045 0.0574 
1991.2500 0.0994 0.0052 0.3324 0.5630 0.4318 0.1045 
1991.5000 0.4084 0.0234 0.1986 0.3696 0.6070 0.4318 
1991.7500 0.5841 0.0229 0.1729 0.2201 0.7570 0.6070 
1992.0000 0.7459 0.0111 0.1640 0.0790 0.9099 0.7570 
1992.2500 0.8936 0.0163 0.0565 0.0336 0.9501 0.9099 
1992.5000 0.9292 0.0209 0.0288 0.0211 0.9580 0.9501 
1992.7500 0.9231 0.0350 0.0188 0.0232 0.9419 0.9580 
1993.0000 0.8369 0.1050 0.0114 0.0467 0.8483 0.9419 
1993.2500 0.8090 0.0393 0.0589 0.0928 0.8679 0.8483 
1993.5000 0.8421 0.0259 0.0661 0.0660 0.9082 0.8679 
1993.7500 0.9012 0.0070 0.0734 0.0184 0.9746 0.9082 
1994.0000 0.9612 0.0135 0.0174 0.0079 0.9786 0.9746 
1994.2500 0.9652 0.0134 0.0148 0.0066 0.9800 0.9786 
1994.5000 0.9367 0.0433 0.0080 0.0120 0.9447 0.9800 
1994.7500 0.9136 0.0311 0.0263 0.0291 0.9398 0.9447 
1995.0000 0.8320 0.1078 0.0116 0.0486 0.8435 0.9398 
1995.2500 0.7794 0.0641 0.0426 0.1138 0.8220 0.8435 
1995.5000 0.8013 0.0208 0.0967 0.0813 0.8979 0.8220 
1995.7500 0.8745 0.0235 0.0545 0.0475 0.9290 0.8979 
1996.0000 0.9107 0.0183 0.0430 0.0280 0.9537 0.9290 
1996.2500 0.9490 0.0047 0.0399 0.0064 0.9889 0.9537 
1996.5000 0.9709 0.0180 0.0069 0.0042 0.9779 0.9889 
1996.7500 0.9667 0.0111 0.0161 0.0060 0.9828 0.9779 
1997.0000 0.9656 0.0173 0.0109 0.0063 0.9764 0.9828 
1997.2500 0.9713 0.0051 0.0201 0.0034 0.9914 0.9764 
1997.5000 0.9805 0.0110 0.0063 0.0023 0.9868 0.9914 
1997.7500 0.9638 0.0229 0.0075 0.0058 0.9713 0.9868 
1998.0000 0.9574 0.0139 0.0195 0.0092 0.9769 0.9713 
1998.2500 0.9538 0.0231 0.0129 0.0102 0.9667 0.9769 
1998.5000 0.9579 0.0088 0.0256 0.0077 0.9835 0.9667 
1998.7500 0.9772 0.0063 0.0136 0.0028 0.9909 0.9835 
1999.0000 0.9707 0.0202 0.0055 0.0037 0.9761 0.9909 
1999.2500 0.9588 0.0173 0.0151 0.0088 0.9739 0.9761 
1999.5000 0.9645 0.0093 0.0199 0.0062 0.9844 0.9739 
1999.7500 0.9752 0.0092 0.0119 0.0037 0.9871 0.9844 
2000.0000 0.8969 0.0902 0.0030 0.0099 0.8999 0.9871 
2000.2500 0.8566 0.0433 0.0379 0.0622 0.8945 0.8999 
2000.5000 0.5196 0.3748 0.0043 0.1012 0.5240 0.8945 
2000.7500 0.3886 0.1353 0.0387 0.4374 0.4273 0.5240 
2001.0000 0.2477 0.1796 0.0233 0.5494 0.2710 0.4273 
2001.2500 0.2017 0.0693 0.0599 0.6691 0.2616 0.2710 
2001.5000 0.1911 0.0706 0.0568 0.6816 0.2479 0.2616 
2001.7500 0.2320 0.0159 0.2336 0.5185 0.4657 0.2479 
2002.0000 0.4477 0.0180 0.2318 0.3025 0.6795 0.4657 
2002.2500 0.6369 0.0426 0.1010 0.2195 0.7378 0.6795 
2002.5000 0.6881 0.0498 0.0783 0.1839 0.7664 0.7378 
2002.7500 0.7003 0.0661 0.0575 0.1762 0.7578 0.7664 
2003.0000 0.7319 0.0259 0.1127 0.1295 0.8446 0.7578 
2003.2500 0.8354 0.0092 0.1146 0.0408 0.9501 0.8446 
2003.5000 0.9469 0.0032 0.0450 0.0049 0.9919 0.9501 
2003.7500 0.9782 0.0137 0.0056 0.0025 0.9837 0.9919 
2004.0000 0.9691 0.0146 0.0109 0.0053 0.9801 0.9837 
2004.2500 0.9552 0.0249 0.0108 0.0091 0.9660 0.9801 
2004.5000 0.9404 0.0256 0.0181 0.0160 0.9584 0.9660 
2004.7500 0.9091 0.0494 0.0150 0.0265 0.9241 0.9584 
run c:\ddrive\junk\public\20050128\em_run.g;
